<test-run id="2" testcasecount="0" result="Passed" start-time="2026-09-20 05:56:44.967086" end-time="2026-09-20 05:56:45.151257" duration="0" total="0" passed="0" failed="0" inconclusive="0" skipped="0" asserts="0" clr-version="3.12.2 | packaged by conda-forge | (main, Feb 16 2024, 20:54:21) [Clang 16.0.6 ]" engine-version="3.6.2"><command-line>/Users/amelialon/miniconda3/lib/python3.12/site-packages/pytest/__main__.py tests/test_live_recording.py -q -k scheduled</command-line><filter><test re="0">tests/test_live_recording.py</test><name re="0">scheduled</name></filter></test-run>